<?xml version="1.0" encoding="UTF-8"?>
<testng-results skipped="0" failed="0" ignored="0" total="1" passed="1">
  <reporter-output>
  </reporter-output>
  <suite name="Default suite" duration-ms="4317" started-at="2019-03-19T12:39:20Z" finished-at="2019-03-19T12:39:24Z">
    <groups>
    </groups>
    <test name="Default test" duration-ms="4317" started-at="2019-03-19T12:39:20Z" finished-at="2019-03-19T12:39:24Z">
      <class name="com.w2a.API_FrameWork.testCases.CreateCustomerAPITest">
        <test-method status="PASS" signature="beforeSuite()[pri:0, instance:com.w2a.API_FrameWork.testCases.CreateCustomerAPITest@4f18837a]" name="beforeSuite" is-config="true" duration-ms="843" started-at="2019-03-19T12:39:19Z" finished-at="2019-03-19T12:39:20Z">
          <reporter-output>
          </reporter-output>
        </test-method> <!-- beforeSuite -->
        <test-method status="PASS" signature="beforeClass()[pri:0, instance:com.w2a.API_FrameWork.testCases.CreateCustomerAPITest@4f18837a]" name="beforeClass" is-config="true" duration-ms="6" started-at="2019-03-19T12:39:20Z" finished-at="2019-03-19T12:39:20Z">
          <reporter-output>
          </reporter-output>
        </test-method> <!-- beforeClass -->
        <test-method status="PASS" signature="beforeMethod(java.lang.reflect.Method)[pri:0, instance:com.w2a.API_FrameWork.testCases.CreateCustomerAPITest@4f18837a]" name="beforeMethod" is-config="true" duration-ms="19" started-at="2019-03-19T12:39:20Z" finished-at="2019-03-19T12:39:20Z">
          <params>
            <param index="0">
              <value>
                <![CDATA[public void com.w2a.API_FrameWork.testCases.CreateCustomerAPITest.createCustomerAPIwithValidData()]]>
              </value>
            </param>
          </params>
          <reporter-output>
          </reporter-output>
        </test-method> <!-- beforeMethod -->
        <test-method status="PASS" signature="createCustomerAPIwithValidData()[pri:0, instance:com.w2a.API_FrameWork.testCases.CreateCustomerAPITest@4f18837a]" name="createCustomerAPIwithValidData" duration-ms="3756" started-at="2019-03-19T12:39:20Z" finished-at="2019-03-19T12:39:24Z">
          <reporter-output>
          </reporter-output>
        </test-method> <!-- createCustomerAPIwithValidData -->
        <test-method status="PASS" signature="afterMethod(org.testng.ITestResult)[pri:0, instance:com.w2a.API_FrameWork.testCases.CreateCustomerAPITest@4f18837a]" name="afterMethod" is-config="true" duration-ms="502" started-at="2019-03-19T12:39:24Z" finished-at="2019-03-19T12:39:24Z">
          <params>
            <param index="0">
              <value>
                <![CDATA[[TestResult name=createCustomerAPIwithValidData status=SUCCESS method=CreateCustomerAPITest.createCustomerAPIwithValidData()[pri:0, instance:com.w2a.API_FrameWork.testCases.CreateCustomerAPITest@4f18837a] output={null}]]]>
              </value>
            </param>
          </params>
          <reporter-output>
          </reporter-output>
        </test-method> <!-- afterMethod -->
        <test-method status="PASS" signature="afterSuite()[pri:0, instance:com.w2a.API_FrameWork.testCases.CreateCustomerAPITest@4f18837a]" name="afterSuite" is-config="true" duration-ms="3" started-at="2019-03-19T12:39:24Z" finished-at="2019-03-19T12:39:24Z">
          <reporter-output>
          </reporter-output>
        </test-method> <!-- afterSuite -->
      </class> <!-- com.w2a.API_FrameWork.testCases.CreateCustomerAPITest -->
    </test> <!-- Default test -->
  </suite> <!-- Default suite -->
</testng-results>
